<<<<<<< HEAD
00000000 PRG 2025-03-28 17:24:50 31932 20696 "Error loading C:\Program Files\HPCCSystems\9.10.16\clienttools\filehooks\gitfile.lib: 193 - 193"
00000001 PRG 2025-03-28 17:24:50 31932 20696 "File hook library C:\Program Files\HPCCSystems\9.10.16\clienttools\filehooks\gitfile.lib could not be loaded"
00000002 PRG 2025-03-28 17:24:50 31932 20696 "Error loading C:\Program Files\HPCCSystems\9.10.16\clienttools\filehooks\s3file.lib: 193 - 193"
00000003 PRG 2025-03-28 17:24:50 31932 20696 "File hook library C:\Program Files\HPCCSystems\9.10.16\clienttools\filehooks\s3file.lib could not be loaded"
00000004 PRG 2025-03-28 17:24:50 31932 20696 "Loading plugin C:\Program Files\HPCCSystems\9.10.16\clienttools\plugins\auditlib.dll[lib_auditlib] version = AUDITLIB 1.0.1"
00000005 PRG 2025-03-28 17:24:50 31932 20696 "Loading library C:\Program Files\HPCCSystems\9.10.16\clienttools\plugins\cassandra.ecllib"
00000006 PRG 2025-03-28 17:24:50 31932 20696 "Loading library C:\Program Files\HPCCSystems\9.10.16\clienttools\plugins\couchbase.ecllib"
00000007 PRG 2025-03-28 17:24:50 31932 20696 "Loading plugin C:\Program Files\HPCCSystems\9.10.16\clienttools\plugins\debugservices.dll[lib_debugservices] version = DEBUGSERVICES 1.0.1"
00000008 PRG 2025-03-28 17:24:50 31932 20696 "Loading library C:\Program Files\HPCCSystems\9.10.16\clienttools\plugins\java.ecllib"
00000009 PRG 2025-03-28 17:24:50 31932 20696 "Loading library C:\Program Files\HPCCSystems\9.10.16\clienttools\plugins\javascript.ecllib"
0000000A PRG 2025-03-28 17:24:50 31932 20696 "Loading library C:\Program Files\HPCCSystems\9.10.16\clienttools\plugins\kafka.ecllib"
0000000B PRG 2025-03-28 17:24:50 31932 20696 "Loading library C:\Program Files\HPCCSystems\9.10.16\clienttools\plugins\lib_cryptolib.ecllib"
0000000C PRG 2025-03-28 17:24:50 31932 20696 "Loading library C:\Program Files\HPCCSystems\9.10.16\clienttools\plugins\lib_eclblas.ecllib"
0000000D PRG 2025-03-28 17:24:50 31932 20696 "Loading library C:\Program Files\HPCCSystems\9.10.16\clienttools\plugins\lib_fileservices.ecllib"
0000000E PRG 2025-03-28 17:24:50 31932 20696 "Loading library C:\Program Files\HPCCSystems\9.10.16\clienttools\plugins\lib_h3.ecllib"
0000000F PRG 2025-03-28 17:24:50 31932 20696 "Loading library C:\Program Files\HPCCSystems\9.10.16\clienttools\plugins\lib_keylib.ecllib"
00000010 PRG 2025-03-28 17:24:50 31932 20696 "Loading library C:\Program Files\HPCCSystems\9.10.16\clienttools\plugins\lib_memcached.ecllib"
00000011 PRG 2025-03-28 17:24:50 31932 20696 "Loading library C:\Program Files\HPCCSystems\9.10.16\clienttools\plugins\lib_metaphone.ecllib"
00000012 PRG 2025-03-28 17:24:50 31932 20696 "Loading library C:\Program Files\HPCCSystems\9.10.16\clienttools\plugins\lib_metaphone3.ecllib"
00000013 PRG 2025-03-28 17:24:50 31932 20696 "Loading library C:\Program Files\HPCCSystems\9.10.16\clienttools\plugins\lib_nlp.ecllib"
00000014 PRG 2025-03-28 17:24:50 31932 20696 "Loading library C:\Program Files\HPCCSystems\9.10.16\clienttools\plugins\lib_redis.ecllib"
00000015 PRG 2025-03-28 17:24:50 31932 20696 "Loading library C:\Program Files\HPCCSystems\9.10.16\clienttools\plugins\lib_saltlib.ecllib"
00000016 PRG 2025-03-28 17:24:50 31932 20696 "Loading library C:\Program Files\HPCCSystems\9.10.16\clienttools\plugins\lib_sslservices.ecllib"
00000017 PRG 2025-03-28 17:24:50 31932 20696 "Loading library C:\Program Files\HPCCSystems\9.10.16\clienttools\plugins\lib_thorlib.ecllib"
00000018 PRG 2025-03-28 17:24:50 31932 20696 "Loading library C:\Program Files\HPCCSystems\9.10.16\clienttools\plugins\lib_word.ecllib"
00000019 PRG 2025-03-28 17:24:50 31932 20696 "Loading plugin C:\Program Files\HPCCSystems\9.10.16\clienttools\plugins\logging.dll[lib_logging] version = LOGGING 1.0.2"
0000001A PRG 2025-03-28 17:24:50 31932 20696 "Loading library C:\Program Files\HPCCSystems\9.10.16\clienttools\plugins\mongodb.ecllib"
0000001B PRG 2025-03-28 17:24:50 31932 20696 "Loading library C:\Program Files\HPCCSystems\9.10.16\clienttools\plugins\mysql.ecllib"
0000001C PRG 2025-03-28 17:24:50 31932 20696 "Loading library C:\Program Files\HPCCSystems\9.10.16\clienttools\plugins\parquet.ecllib"
0000001D PRG 2025-03-28 17:24:50 31932 20696 "Loading plugin C:\Program Files\HPCCSystems\9.10.16\clienttools\plugins\parselib.dll[lib_parselib] version = PARSELIB 1.0.1"
0000001E PRG 2025-03-28 17:24:50 31932 20696 "LoadSharedObject returned 00007FFF41300000"
0000001F PRG 2025-03-28 17:24:50 31932 20696 "Loading library C:\Program Files\HPCCSystems\9.10.16\clienttools\plugins\python3.ecllib"
00000020 PRG 2025-03-28 17:24:50 31932 20696 "Loading library C:\Program Files\HPCCSystems\9.10.16\clienttools\plugins\R.ecllib"
00000021 PRG 2025-03-28 17:24:50 31932 20696 "Loading library C:\Program Files\HPCCSystems\9.10.16\clienttools\plugins\sqlite3.ecllib"
00000022 PRG 2025-03-28 17:24:50 31932 20696 "Loading library C:\Program Files\HPCCSystems\9.10.16\clienttools\plugins\sqs.ecllib"
00000023 PRG 2025-03-28 17:24:50 31932 20696 "Loading plugin C:\Program Files\HPCCSystems\9.10.16\clienttools\plugins\stringlib.dll[lib_stringlib] version = STRINGLIB 1.1.14"
00000024 PRG 2025-03-28 17:24:50 31932 20696 "Loading plugin C:\Program Files\HPCCSystems\9.10.16\clienttools\plugins\timelib.dll[lib_timelib] version = TIMELIB 1.0.0"
00000025 PRG 2025-03-28 17:24:50 31932 20696 "Loading plugin C:\Program Files\HPCCSystems\9.10.16\clienttools\plugins\unicodelib.dll[lib_unicodelib] version = UNICODELIB 1.1.06"
00000026 PRG 2025-03-28 17:24:50 31932 20696 "Loading library C:\Program Files\HPCCSystems\9.10.16\clienttools\plugins\wasm.ecllib"
00000027 PRG 2025-03-28 17:24:50 31932 20696 "Loading plugin C:\Program Files\HPCCSystems\9.10.16\clienttools\plugins\workunitservices.dll[lib_WORKUNITSERVICES] version = WORKUNITSERVICES 1.0.2"
=======
00000000 PRG 2025-03-28 17:00:07.969 13615   259 "Loading library /opt/HPCCSystems/9.10.10/clienttools/plugins/cassandra.ecllib"
00000001 PRG 2025-03-28 17:00:07.970 13615   259 "Loading library /opt/HPCCSystems/9.10.10/clienttools/plugins/lib_keylib.ecllib"
00000002 PRG 2025-03-28 17:00:07.972 13615   259 "Loading plugin /opt/HPCCSystems/9.10.10/clienttools/plugins/libdebugservices.dylib[lib_debugservices] version = DEBUGSERVICES 1.0.1"
00000003 PRG 2025-03-28 17:00:07.972 13615   259 "Loading library /opt/HPCCSystems/9.10.10/clienttools/plugins/python3.ecllib"
00000004 PRG 2025-03-28 17:00:07.972 13615   259 "Loading library /opt/HPCCSystems/9.10.10/clienttools/plugins/javascript.ecllib"
00000005 PRG 2025-03-28 17:00:07.972 13615   259 "Loading library /opt/HPCCSystems/9.10.10/clienttools/plugins/lib_cryptolib.ecllib"
00000006 PRG 2025-03-28 17:00:07.972 13615   259 "Loading library /opt/HPCCSystems/9.10.10/clienttools/plugins/lib_metaphone3.ecllib"
00000007 PRG 2025-03-28 17:00:07.978 13615   259 "Loading plugin /opt/HPCCSystems/9.10.10/clienttools/plugins/libunicodelib.dylib[lib_unicodelib] version = UNICODELIB 1.1.06"
00000008 PRG 2025-03-28 17:00:07.978 13615   259 "Loading library /opt/HPCCSystems/9.10.10/clienttools/plugins/mongodb.ecllib"
00000009 PRG 2025-03-28 17:00:07.978 13615   259 "Loading library /opt/HPCCSystems/9.10.10/clienttools/plugins/lib_thorlib.ecllib"
0000000A PRG 2025-03-28 17:00:07.978 13615   259 "Loading library /opt/HPCCSystems/9.10.10/clienttools/plugins/sqlite3.ecllib"
0000000B PRG 2025-03-28 17:00:07.978 13615   259 "Loading library /opt/HPCCSystems/9.10.10/clienttools/plugins/parquet.ecllib"
0000000C PRG 2025-03-28 17:00:07.978 13615   259 "Loading library /opt/HPCCSystems/9.10.10/clienttools/plugins/lib_metaphone.ecllib"
0000000D PRG 2025-03-28 17:00:07.981 13615   259 "Loading library /opt/HPCCSystems/9.10.10/clienttools/plugins/mysql.ecllib"
0000000E PRG 2025-03-28 17:00:07.981 13615   259 "Loading library /opt/HPCCSystems/9.10.10/clienttools/plugins/lib_memcached.ecllib"
0000000F PRG 2025-03-28 17:00:07.981 13615   259 "Loading library /opt/HPCCSystems/9.10.10/clienttools/plugins/couchbase.ecllib"
00000010 PRG 2025-03-28 17:00:07.981 13615   259 "Loading library /opt/HPCCSystems/9.10.10/clienttools/plugins/lib_nlp.ecllib"
00000011 PRG 2025-03-28 17:00:07.983 13615   259 "Loading plugin /opt/HPCCSystems/9.10.10/clienttools/plugins/liblogging.dylib[lib_logging] version = LOGGING 1.0.2"
00000012 PRG 2025-03-28 17:00:07.983 13615   259 "Loading library /opt/HPCCSystems/9.10.10/clienttools/plugins/lib_redis.ecllib"
00000013 PRG 2025-03-28 17:00:07.983 13615   259 "Loading library /opt/HPCCSystems/9.10.10/clienttools/plugins/lib_eclblas.ecllib"
00000014 PRG 2025-03-28 17:00:07.983 13615   259 "Loading library /opt/HPCCSystems/9.10.10/clienttools/plugins/lib_fileservices.ecllib"
00000015 PRG 2025-03-28 17:00:07.983 13615   259 "Loading library /opt/HPCCSystems/9.10.10/clienttools/plugins/lib_h3.ecllib"
00000016 PRG 2025-03-28 17:00:07.983 13615   259 "Loading library /opt/HPCCSystems/9.10.10/clienttools/plugins/kafka.ecllib"
00000017 PRG 2025-03-28 17:00:07.983 13615   259 "Loading library /opt/HPCCSystems/9.10.10/clienttools/plugins/lib_word.ecllib"
00000018 PRG 2025-03-28 17:00:07.986 13615   259 "Loading library /opt/HPCCSystems/9.10.10/clienttools/plugins/sqs.ecllib"
00000019 PRG 2025-03-28 17:00:08.012 13615   259 "Loading plugin /opt/HPCCSystems/9.10.10/clienttools/plugins/libparselib.dylib[lib_parselib] version = PARSELIB 1.0.1"
0000001A PRG 2025-03-28 17:00:08.014 13615   259 "Loading plugin /opt/HPCCSystems/9.10.10/clienttools/plugins/libworkunitservices.dylib[lib_WORKUNITSERVICES] version = WORKUNITSERVICES 1.0.2"
0000001B PRG 2025-03-28 17:00:08.014 13615   259 "Loading library /opt/HPCCSystems/9.10.10/clienttools/plugins/lib_sslservices.ecllib"
0000001C PRG 2025-03-28 17:00:08.015 13615   259 "Loading library /opt/HPCCSystems/9.10.10/clienttools/plugins/wasm.ecllib"
0000001D PRG 2025-03-28 17:00:08.016 13615   259 "Loading plugin /opt/HPCCSystems/9.10.10/clienttools/plugins/libtimelib.dylib[lib_timelib] version = TIMELIB 1.0.0"
0000001E PRG 2025-03-28 17:00:08.016 13615   259 "Loading library /opt/HPCCSystems/9.10.10/clienttools/plugins/java.ecllib"
0000001F PRG 2025-03-28 17:00:08.018 13615   259 "Loading plugin /opt/HPCCSystems/9.10.10/clienttools/plugins/libstringlib.dylib[lib_stringlib] version = STRINGLIB 1.1.14"
00000020 PRG 2025-03-28 17:00:08.018 13615   259 "Loading library /opt/HPCCSystems/9.10.10/clienttools/plugins/R.ecllib"
00000021 PRG 2025-03-28 17:00:08.018 13615   259 "Loading library /opt/HPCCSystems/9.10.10/clienttools/plugins/lib_saltlib.ecllib"
00000022 PRG 2025-03-28 17:00:08.019 13615   259 "Loading plugin /opt/HPCCSystems/9.10.10/clienttools/plugins/libauditlib.dylib[lib_auditlib] version = AUDITLIB 1.0.1"
>>>>>>> 2ebff11230cd60040237a6bdb7dc7124c271eacd
